<?xml version="1.0" encoding="UTF-8"?>
<testng-results ignored="0" total="3" passed="3" failed="0" skipped="0">
  <reporter-output>
    <line>
      <![CDATA[<P>Successfully entered the element:---> 
9693564007]]>
    </line>
    <line>
      <![CDATA[<P>Successfully clicked on element:---> 
Clicked otp button]]>
    </line>
    <line>
      <![CDATA[<P>Successfully entered the element:---> 
111111]]>
    </line>
    <line>
      <![CDATA[<P>Successfully entered the element:---> 
969356400]]>
    </line>
    <line>
      <![CDATA[<P>Successfully entered the element:---> 
9693564007]]>
    </line>
    <line>
      <![CDATA[<P>Successfully clicked on element:---> 
Clicked otp button]]>
    </line>
    <line>
      <![CDATA[<P>Successfully entered the element:---> 
000000]]>
    </line>
  </reporter-output>
  <suite started-at="2025-01-22T15:10:27 IST" name="CollectionList" finished-at="2025-01-22T15:11:07 IST" duration-ms="40352">
    <groups>
    </groups>
    <test started-at="2025-01-22T15:10:27 IST" name="LoginPage" finished-at="2025-01-22T15:11:07 IST" duration-ms="40352">
      <class name="com.collectionlist.testscript.VerifyLoginPage">
        <test-method is-config="true" signature="launchBrowser(java.lang.String,java.lang.String)[pri:0, instance:com.collectionlist.testscript.VerifyLoginPage@6a192cfe]" started-at="2025-01-22T15:10:27 IST" name="launchBrowser" finished-at="2025-01-22T15:10:33 IST" duration-ms="6685" status="PASS">
          <params>
            <param index="0">
              <value>
                <![CDATA[mac]]>
              </value>
            </param>
            <param index="1">
              <value>
                <![CDATA[chrome]]>
              </value>
            </param>
          </params>
          <reporter-output>
          </reporter-output>
        </test-method> <!-- launchBrowser -->
        <test-method signature="invalidLogin(java.lang.String,java.lang.String)[pri:0, instance:com.collectionlist.testscript.VerifyLoginPage@6a192cfe]" started-at="2025-01-22T15:10:33 IST" name="invalidLogin" description="Invalid login" finished-at="2025-01-22T15:10:53 IST" duration-ms="19870" status="PASS">
          <params>
            <param index="0">
              <value>
                <![CDATA[9693564007]]>
              </value>
            </param>
            <param index="1">
              <value>
                <![CDATA[111111]]>
              </value>
            </param>
          </params>
          <reporter-output>
            <line>
              <![CDATA[<P>Successfully entered the element:---> 
9693564007]]>
            </line>
            <line>
              <![CDATA[<P>Successfully clicked on element:---> 
Clicked otp button]]>
            </line>
            <line>
              <![CDATA[<P>Successfully entered the element:---> 
111111]]>
            </line>
          </reporter-output>
        </test-method> <!-- invalidLogin -->
        <test-method signature="checkTheButtonIsEnableOrDisabled(java.lang.String)[pri:1, instance:com.collectionlist.testscript.VerifyLoginPage@6a192cfe]" started-at="2025-01-22T15:10:53 IST" name="checkTheButtonIsEnableOrDisabled" description="Check the button is enable or disable" finished-at="2025-01-22T15:10:58 IST" duration-ms="5071" status="PASS">
          <params>
            <param index="0">
              <value>
                <![CDATA[969356400]]>
              </value>
            </param>
          </params>
          <reporter-output>
            <line>
              <![CDATA[<P>Successfully entered the element:---> 
969356400]]>
            </line>
          </reporter-output>
        </test-method> <!-- checkTheButtonIsEnableOrDisabled -->
        <test-method signature="successfullyLogin(java.lang.String,java.lang.String)[pri:2, instance:com.collectionlist.testscript.VerifyLoginPage@6a192cfe]" started-at="2025-01-22T15:10:58 IST" name="successfullyLogin" description="Successfully login to the portal" finished-at="2025-01-22T15:11:07 IST" duration-ms="8394" status="PASS">
          <params>
            <param index="0">
              <value>
                <![CDATA[9693564007]]>
              </value>
            </param>
            <param index="1">
              <value>
                <![CDATA[000000]]>
              </value>
            </param>
          </params>
          <reporter-output>
            <line>
              <![CDATA[<P>Successfully entered the element:---> 
9693564007]]>
            </line>
            <line>
              <![CDATA[<P>Successfully clicked on element:---> 
Clicked otp button]]>
            </line>
            <line>
              <![CDATA[<P>Successfully entered the element:---> 
000000]]>
            </line>
          </reporter-output>
        </test-method> <!-- successfullyLogin -->
        <test-method is-config="true" signature="closeBrowser()[pri:0, instance:com.collectionlist.testscript.VerifyLoginPage@6a192cfe]" started-at="2025-01-22T15:11:07 IST" name="closeBrowser" finished-at="2025-01-22T15:11:07 IST" duration-ms="293" status="PASS">
          <reporter-output>
          </reporter-output>
        </test-method> <!-- closeBrowser -->
      </class> <!-- com.collectionlist.testscript.VerifyLoginPage -->
    </test> <!-- LoginPage -->
  </suite> <!-- CollectionList -->
</testng-results>
