<?xml version="1.0" encoding="UTF-8"?>
<testsuite xmlns:xsi="http://www.w3.org/2001/XMLSchema-instance" xsi:noNamespaceSchemaLocation="https://maven.apache.org/surefire/maven-surefire-plugin/xsd/surefire-test-report-3.0.xsd" version="3.0" name="TestSuite" time="40.997" tests="3" errors="0" skipped="0" failures="0">
  <properties>
[...]
</properties>
  <testcase name="invalidLogin[9693564007, 111111](1)" classname="com.collectionlist.testscript.VerifyLoginPage" time="19.88">
    <system-out><![CDATA[*** Test Suite LoginPage started ***
TESTTTTT
*** Running test method invalidLogin...
Directory already exists: /Users/abhijitmondal/Documents/CollectionList/TestReport
*** Executed invalidLogin test successfully...
]]></system-out>
    <system-err><![CDATA[Jan 22, 2025 3:10:31 PM org.openqa.selenium.devtools.CdpVersionFinder findNearestMatch
WARNING: Unable to find CDP implementation matching 131
Jan 22, 2025 3:10:31 PM org.openqa.selenium.chromium.ChromiumDriver lambda$new$5
WARNING: Unable to find version of CDP to use for 131.0.6778.266. You may need to include a dependency on a specific version of the CDP using something similar to `org.seleniumhq.selenium:selenium-devtools-v86:4.11.0` where the version ("v86") matches the version of the chromium-based browser you're using and the version number of the artifact is the same as Selenium's.
Jan 22, 2025 3:10:34 PM com.collectionlist.actiondriver.Action typeElement
INFO: Successfully entered the element:---> 
9693564007
Jan 22, 2025 3:10:39 PM com.collectionlist.actiondriver.Action clickElement
INFO: Successfully clicked on element:---> 
Clicked otp button
Jan 22, 2025 3:10:42 PM com.collectionlist.actiondriver.Action typeElement
INFO: Successfully entered the element:---> 
111111
]]></system-err>
  </testcase>
  <testcase name="checkTheButtonIsEnableOrDisabled[969356400](1)" classname="com.collectionlist.testscript.VerifyLoginPage" time="5.071">
    <system-out><![CDATA[*** Running test method checkTheButtonIsEnableOrDisabled...
*** Executed checkTheButtonIsEnableOrDisabled test successfully...
]]></system-out>
    <system-err><![CDATA[Jan 22, 2025 3:10:53 PM com.collectionlist.actiondriver.Action typeElement
INFO: Successfully entered the element:---> 
969356400
]]></system-err>
  </testcase>
  <testcase name="successfullyLogin[9693564007, 000000](1)" classname="com.collectionlist.testscript.VerifyLoginPage" time="8.395">
    <system-out><![CDATA[*** Running test method successfullyLogin...
*** Executed successfullyLogin test successfully...
]]></system-out>
    <system-err><![CDATA[Jan 22, 2025 3:10:59 PM com.collectionlist.actiondriver.Action typeElement
INFO: Successfully entered the element:---> 
9693564007
Jan 22, 2025 3:11:04 PM com.collectionlist.actiondriver.Action clickElement
INFO: Successfully clicked on element:---> 
Clicked otp button
Jan 22, 2025 3:11:07 PM com.collectionlist.actiondriver.Action typeElement
INFO: Successfully entered the element:---> 
000000
]]></system-err>
  </testcase>
</testsuite>