<?xml version="1.0" encoding="UTF-8"?>
<!-- Generated by org.testng.reporters.JUnitXMLReporter -->
<testsuite ignored="0" hostname="Abhijits-MBP" failures="0" tests="3" name="LoginPage" time="40.352" errors="0" timestamp="2025-01-22T15:11:07 IST">
  <testcase classname="com.collectionlist.testscript.VerifyLoginPage" name="invalidLogin" time="19.87"/>
  <testcase classname="com.collectionlist.testscript.VerifyLoginPage" name="checkTheButtonIsEnableOrDisabled" time="5.071"/>
  <testcase classname="com.collectionlist.testscript.VerifyLoginPage" name="successfullyLogin" time="8.394"/>
</testsuite> <!-- LoginPage -->
