<?xml version="1.0" encoding="UTF-8"?>
<!-- Generated by org.testng.reporters.JUnitXMLReporter -->
<testsuite ignored="0" hostname="Abhijits-MBP" failures="0" tests="3" name="LoginPage" time="38.307" errors="0" timestamp="2025-01-22T11:27:39 IST">
  <testcase classname="com.collectionlist.testscript.VerifyLoginPage" name="invalidLogin" time="19.8"/>
  <testcase classname="com.collectionlist.testscript.VerifyLoginPage" name="checkTheButtonIsEnableOrDisabled" time="5.07"/>
  <testcase classname="com.collectionlist.testscript.VerifyLoginPage" name="successfullyLogin" time="8.441"/>
</testsuite> <!-- LoginPage -->
